
**** Build of configuration Debug for project PAE_ChristianSoler_NicolasForteza_Practica4 ****

"c:\\ti\\ccsv6\\utils\\bin\\gmake" -k all 
'Building file: ../Practica_04PAE.c'
'Invoking: MSP430 Compiler'
"c:/ti/ccsv6/tools/compiler/ti-cgt-msp430_4.4.1/bin/cl430" -vmspx --abi=coffabi --data_model=restricted --include_path="c:/ti/ccsv6/ccs_base/msp430/include" --include_path="c:/ti/ccsv6/tools/compiler/ti-cgt-msp430_4.4.1/include" --advice:power=all -g --define=__MSP430F5438A__ --diag_warning=225 --display_error_number --diag_wrap=off --silicon_errata=CPU21 --silicon_errata=CPU22 --silicon_errata=CPU23 --silicon_errata=CPU40 --printf_support=minimal --preproc_with_compile --preproc_dependency="Practica_04PAE.pp"  "../Practica_04PAE.c"
"..\envio_recibir_instruc.h", line 40: remark #1535-D: (ULP 8.1) variable "DCORSEL" is used as a constant. Recommend declaring variable as either 'static const' or 'const'
"..\envio_recibir_instruc.h", line 41: remark #1535-D: (ULP 8.1) variable "FLLN" is used as a constant. Recommend declaring variable as either 'static const' or 'const'
"..\envio_recibir_instruc.h", line 89: remark #1527-D: (ULP 2.1) Detected SW delay loop using empty loop. Recommend using a timer module instead
"..\envio_recibir_instruc.h", line 135: remark #1528-D: (ULP 3.1) Detected flag polling using UCBUSY. Recommend using an interrupt combined with enter LPMx and ISR
"..\envio_recibir_instruc.h", line 115: remark #1544-D: (ULP 13.1) Detected loop counting up. Recommend loops count down as detecting zeros is easier
"..\envio_recibir_instruc.h", line 117: remark #2553-D: (ULP 14.1) Array index (involving "bCount") of type "int". Recommend using "unsigned int"
"..\envio_recibir_instruc.h", line 123: remark #1544-D: (ULP 13.1) Detected loop counting up. Recommend loops count down as detecting zeros is easier
"..\envio_recibir_instruc.h", line 130: remark #1544-D: (ULP 13.1) Detected loop counting up. Recommend loops count down as detecting zeros is easier
"..\envio_recibir_instruc.h", line 149: warning #179-D: variable "bLenght" was declared but never referenced
"..\envio_recibir_instruc.h", line 149: warning #179-D: variable "bChecksum" was declared but never referenced
"..\envio_recibir_instruc.h", line 155: remark #1544-D: (ULP 13.1) Detected loop counting up. Recommend loops count down as detecting zeros is easier
"..\envio_recibir_instruc.h", line 172: remark #1544-D: (ULP 13.1) Detected loop counting up. Recommend loops count down as detecting zeros is easier
"..\envio_recibir_instruc.h", line 187: remark #2553-D: (ULP 14.1) Array index (involving "bCount") of type "int". Recommend using "unsigned int"
"..\motores.h", line 35: warning #48-D: incompatible redefinition of macro "P_LED" (declared at line 22 of "..\constants.h")
"..\motores.h", line 81: warning #225-D: function "escribirRx" declared implicitly
"..\motores.h", line 164: warning #225-D: function "escribirRx" declared implicitly
"..\motores.h", line 171: warning #225-D: function "escribirRx" declared implicitly
"../Practica_04PAE.c", line 57: warning #161-D: declaration is incompatible with previous "escribirRx" (declared at line 81 of "..\motores.h")
"../Practica_04PAE.c", line 57: remark #1537-D: (ULP 9.1) Function parameter respuesta (type "struct RxReturn") is being passed by value and should be passed by reference using pointer
"../Practica_04PAE.c", line 59: remark #1544-D: (ULP 13.1) Detected loop counting up. Recommend loops count down as detecting zeros is easier
"../Practica_04PAE.c", line 61: remark #1532-D: (ULP 5.3) Detected sprintf() operation(s). Recommend moving them to RAM during run time or not using as these are processing/power intensive
"../Practica_04PAE.c", line 61: remark #2553-D: (ULP 14.1) Array index (involving "bCount") of type "int". Recommend using "unsigned int"
"../Practica_04PAE.c", line 116: remark #1527-D: (ULP 2.1) Detected SW delay loop using empty loop. Recommend using a timer module instead
"../Practica_04PAE.c", line 143: warning #9-D: nested comment is not allowed
"../Practica_04PAE.c", line 208: warning #9-D: nested comment is not allowed
"..\constants.h", line 33: remark #1535-D: (ULP 8.1) variable "borrado" is used as a constant. Recommend declaring variable as either 'static const' or 'const'
"..\constants.h", line 34: remark #1535-D: (ULP 8.1) variable "contraste" is used as a constant. Recommend declaring variable as either 'static const' or 'const'
"..\constants.h", line 35: remark #1535-D: (ULP 8.1) variable "iluminacion" is used as a constant. Recommend declaring variable as either 'static const' or 'const'
'Finished building: ../Practica_04PAE.c'
' '
'Building target: PAE_ChristianSoler_NicolasForteza_Practica4.out'
'Invoking: MSP430 Linker'
"c:/ti/ccsv6/tools/compiler/ti-cgt-msp430_4.4.1/bin/cl430" -vmspx --abi=coffabi --data_model=restricted --advice:power=all -g --define=__MSP430F5438A__ --diag_warning=225 --display_error_number --diag_wrap=off --silicon_errata=CPU21 --silicon_errata=CPU22 --silicon_errata=CPU23 --silicon_errata=CPU40 --printf_support=minimal -z -m"PAE_ChristianSoler_NicolasForteza_Practica4.map" --heap_size=160 --stack_size=160 --cinit_hold_wdt=on -i"c:/ti/ccsv6/ccs_base/msp430/include" -i"c:/ti/ccsv6/tools/compiler/ti-cgt-msp430_4.4.1/lib" -i"c:/ti/ccsv6/tools/compiler/ti-cgt-msp430_4.4.1/include" -i"c:/ti/ccsv6/ccs_base/msp430/lib/5xx_6xx_FRxx" --reread_libs --warn_sections --display_error_number --diag_wrap=off --xml_link_info="PAE_ChristianSoler_NicolasForteza_Practica4_linkInfo.xml" --rom_model -o "PAE_ChristianSoler_NicolasForteza_Practica4.out"  "./Practica_04PAE.obj" "./hal_lcd.obj" "../lnk_msp430f5438a_mod.cmd" -l"libc.a" -l"libmath.a" 
<Linking>
remark #10372-D: (ULP 4.1) Detected uninitialized Port B in this project. Recommend initializing all unused ports to eliminate wasted current consumption on unused pins.
remark #10372-D: (ULP 4.1) Detected uninitialized Port C in this project. Recommend initializing all unused ports to eliminate wasted current consumption on unused pins.
remark #10372-D: (ULP 4.1) Detected uninitialized Port D in this project. Recommend initializing all unused ports to eliminate wasted current consumption on unused pins.
remark #10372-D: (ULP 4.1) Detected uninitialized Port E in this project. Recommend initializing all unused ports to eliminate wasted current consumption on unused pins.
remark #10372-D: (ULP 4.1) Detected uninitialized Port F in this project. Recommend initializing all unused ports to eliminate wasted current consumption on unused pins.
"../lnk_msp430f5438a_mod.cmd", line 139: warning #10424-D: Linker command file has no sections of type=VECT_INIT, but does contain .intXX sections.  This file may be out of date.  Generating interrupt pointers for all .intXX sections.  The default handler provided in the RTS will be used if no other handler is found.  It is recommend that you update your linker command file to the latest version.
warning #10204-D: could not resolve index library "libmath.a" to a compatible library
'Finished building target: PAE_ChristianSoler_NicolasForteza_Practica4.out'
' '

**** Build Finished ****
